-------------------------------------------------------------------------------
Test set: stellarburgers.tests.ConstructorTest
-------------------------------------------------------------------------------
Tests run: 1, Failures: 0, Errors: 1, Skipped: 0, Time elapsed: 7.435 s <<< FAILURE! - in stellarburgers.tests.ConstructorTest
checkGoBetweenTabsTest(stellarburgers.tests.ConstructorTest)  Time elapsed: 7.434 s  <<< ERROR!
org.openqa.selenium.SessionNotCreatedException: 
session not created: This version of ChromeDriver only supports Chrome version 114
Current browser version is 127.0.6533.100 with binary path /Applications/Google Chrome.app/Contents/MacOS/Google Chrome
Build info: version: '3.141.59', revision: 'e82be7d358', time: '2018-11-14T08:17:03'
System info: host: 'mkuznetsova-2', ip: 'fe80:0:0:0:44b:5b69:d969:c0b%en0', os.name: 'Mac OS X', os.arch: 'aarch64', os.version: '12.5.1', java.version: '22.0.1'
Driver info: driver.version: SelenideDriver
selenide.url: https://stellarburgers.nomoreparties.site
selenide.baseUrl: http://localhost:8080
remote stacktrace: 0   chromedriver                        0x0000000104e3c6b8 chromedriver + 4937400
1   chromedriver                        0x0000000104e33b73 chromedriver + 4901747
2   chromedriver                        0x00000001049f1616 chromedriver + 435734
3   chromedriver                        0x0000000104a23d10 chromedriver + 642320
4   chromedriver                        0x0000000104a1f18a chromedriver + 622986
5   chromedriver                        0x0000000104a1b67c chromedriver + 607868
6   chromedriver                        0x0000000104a62a08 chromedriver + 899592
7   chromedriver                        0x0000000104a61ebf chromedriver + 896703
8   chromedriver                        0x0000000104a58de3 chromedriver + 859619
9   chromedriver                        0x0000000104a26d7f chromedriver + 654719
10  chromedriver                        0x0000000104a280de chromedriver + 659678
11  chromedriver                        0x0000000104df82ad chromedriver + 4657837
12  chromedriver                        0x0000000104dfd130 chromedriver + 4677936
13  chromedriver                        0x0000000104e03def chromedriver + 4705775
14  chromedriver                        0x0000000104dfe05a chromedriver + 4681818
15  chromedriver                        0x0000000104dd092c chromedriver + 4495660
16  chromedriver                        0x0000000104e1b838 chromedriver + 4802616
17  chromedriver                        0x0000000104e1b9b7 chromedriver + 4802999
18  chromedriver                        0x0000000104e2c99f chromedriver + 4872607
19  libsystem_pthread.dylib             0x00007ff8164654e1 _pthread_start + 125
20  libsystem_pthread.dylib             0x00007ff816460f6b thread_start + 15

	at stellarburgers.tests.ConstructorTest.checkGoBetweenTabsTest(ConstructorTest.java:38)

