<?xml version="1.0" encoding="UTF-8"?>
<testsuite xmlns:xsi="http://www.w3.org/2001/XMLSchema-instance" xsi:noNamespaceSchemaLocation="https://maven.apache.org/surefire/maven-surefire-plugin/xsd/surefire-test-report.xsd" name="stellarburgers.tests.ProfileTest" time="73.602" tests="3" errors="3" skipped="0" failures="0">
  <properties>
    <property name="java.specification.version" value="22"/>
    <property name="sun.jnu.encoding" value="UTF-8"/>
    <property name="java.class.path" value="/Users/m.kuznetsova/Documents/GitHub/QA-java-diplom-3/target/test-classes:/Users/m.kuznetsova/Documents/GitHub/QA-java-diplom-3/target/classes:/Users/m.kuznetsova/.m2/repository/io/rest-assured/rest-assured/4.4.0/rest-assured-4.4.0.jar:/Users/m.kuznetsova/.m2/repository/org/codehaus/groovy/groovy/3.0.8/groovy-3.0.8.jar:/Users/m.kuznetsova/.m2/repository/org/codehaus/groovy/groovy-xml/3.0.8/groovy-xml-3.0.8.jar:/Users/m.kuznetsova/.m2/repository/org/apache/httpcomponents/httpclient/4.5.13/httpclient-4.5.13.jar:/Users/m.kuznetsova/.m2/repository/org/apache/httpcomponents/httpcore/4.4.13/httpcore-4.4.13.jar:/Users/m.kuznetsova/.m2/repository/commons-logging/commons-logging/1.2/commons-logging-1.2.jar:/Users/m.kuznetsova/.m2/repository/commons-codec/commons-codec/1.11/commons-codec-1.11.jar:/Users/m.kuznetsova/.m2/repository/org/apache/httpcomponents/httpmime/4.5.13/httpmime-4.5.13.jar:/Users/m.kuznetsova/.m2/repository/org/hamcrest/hamcrest/2.1/hamcrest-2.1.jar:/Users/m.kuznetsova/.m2/repository/org/ccil/cowan/tagsoup/tagsoup/1.2.1/tagsoup-1.2.1.jar:/Users/m.kuznetsova/.m2/repository/io/rest-assured/json-path/4.4.0/json-path-4.4.0.jar:/Users/m.kuznetsova/.m2/repository/org/codehaus/groovy/groovy-json/3.0.8/groovy-json-3.0.8.jar:/Users/m.kuznetsova/.m2/repository/io/rest-assured/rest-assured-common/4.4.0/rest-assured-common-4.4.0.jar:/Users/m.kuznetsova/.m2/repository/io/rest-assured/xml-path/4.4.0/xml-path-4.4.0.jar:/Users/m.kuznetsova/.m2/repository/org/apache/commons/commons-lang3/3.11/commons-lang3-3.11.jar:/Users/m.kuznetsova/.m2/repository/jakarta/xml/bind/jakarta.xml.bind-api/2.3.3/jakarta.xml.bind-api-2.3.3.jar:/Users/m.kuznetsova/.m2/repository/jakarta/activation/jakarta.activation-api/1.2.2/jakarta.activation-api-1.2.2.jar:/Users/m.kuznetsova/.m2/repository/com/sun/xml/bind/jaxb-impl/2.3.3/jaxb-impl-2.3.3.jar:/Users/m.kuznetsova/.m2/repository/com/google/code/gson/gson/2.8.9/gson-2.8.9.jar:/Users/m.kuznetsova/.m2/repository/junit/junit/4.13.2/junit-4.13.2.jar:/Users/m.kuznetsova/.m2/repository/org/hamcrest/hamcrest-core/1.3/hamcrest-core-1.3.jar:/Users/m.kuznetsova/.m2/repository/com/codeborne/selenide/5.23.2/selenide-5.23.2.jar:/Users/m.kuznetsova/.m2/repository/org/seleniumhq/selenium/selenium-java/3.141.59/selenium-java-3.141.59.jar:/Users/m.kuznetsova/.m2/repository/org/seleniumhq/selenium/selenium-api/3.141.59/selenium-api-3.141.59.jar:/Users/m.kuznetsova/.m2/repository/org/seleniumhq/selenium/selenium-chrome-driver/3.141.59/selenium-chrome-driver-3.141.59.jar:/Users/m.kuznetsova/.m2/repository/org/seleniumhq/selenium/selenium-edge-driver/3.141.59/selenium-edge-driver-3.141.59.jar:/Users/m.kuznetsova/.m2/repository/org/seleniumhq/selenium/selenium-firefox-driver/3.141.59/selenium-firefox-driver-3.141.59.jar:/Users/m.kuznetsova/.m2/repository/org/seleniumhq/selenium/selenium-ie-driver/3.141.59/selenium-ie-driver-3.141.59.jar:/Users/m.kuznetsova/.m2/repository/org/seleniumhq/selenium/selenium-opera-driver/3.141.59/selenium-opera-driver-3.141.59.jar:/Users/m.kuznetsova/.m2/repository/org/seleniumhq/selenium/selenium-remote-driver/3.141.59/selenium-remote-driver-3.141.59.jar:/Users/m.kuznetsova/.m2/repository/org/seleniumhq/selenium/selenium-safari-driver/3.141.59/selenium-safari-driver-3.141.59.jar:/Users/m.kuznetsova/.m2/repository/org/seleniumhq/selenium/selenium-support/3.141.59/selenium-support-3.141.59.jar:/Users/m.kuznetsova/.m2/repository/net/bytebuddy/byte-buddy/1.8.15/byte-buddy-1.8.15.jar:/Users/m.kuznetsova/.m2/repository/org/apache/commons/commons-exec/1.3/commons-exec-1.3.jar:/Users/m.kuznetsova/.m2/repository/com/squareup/okhttp3/okhttp/3.11.0/okhttp-3.11.0.jar:/Users/m.kuznetsova/.m2/repository/com/squareup/okio/okio/1.14.0/okio-1.14.0.jar:/Users/m.kuznetsova/.m2/repository/io/github/bonigarcia/webdrivermanager/4.4.3/webdrivermanager-4.4.3.jar:/Users/m.kuznetsova/.m2/repository/commons-io/commons-io/2.8.0/commons-io-2.8.0.jar:/Users/m.kuznetsova/.m2/repository/org/jsoup/jsoup/1.13.1/jsoup-1.13.1.jar:/Users/m.kuznetsova/.m2/repository/org/rauschig/jarchivelib/1.1.0/jarchivelib-1.1.0.jar:/Users/m.kuznetsova/.m2/repository/org/apache/commons/commons-compress/1.20/commons-compress-1.20.jar:/Users/m.kuznetsova/.m2/repository/org/apache/httpcomponents/client5/httpclient5/5.1/httpclient5-5.1.jar:/Users/m.kuznetsova/.m2/repository/org/apache/httpcomponents/core5/httpcore5/5.1.1/httpcore5-5.1.1.jar:/Users/m.kuznetsova/.m2/repository/org/apache/httpcomponents/core5/httpcore5-h2/5.1.1/httpcore5-h2-5.1.1.jar:/Users/m.kuznetsova/.m2/repository/com/google/guava/guava/30.1.1-jre/guava-30.1.1-jre.jar:/Users/m.kuznetsova/.m2/repository/com/google/guava/failureaccess/1.0.1/failureaccess-1.0.1.jar:/Users/m.kuznetsova/.m2/repository/com/google/guava/listenablefuture/9999.0-empty-to-avoid-conflict-with-guava/listenablefuture-9999.0-empty-to-avoid-conflict-with-guava.jar:/Users/m.kuznetsova/.m2/repository/com/google/code/findbugs/jsr305/3.0.2/jsr305-3.0.2.jar:/Users/m.kuznetsova/.m2/repository/org/checkerframework/checker-qual/3.8.0/checker-qual-3.8.0.jar:/Users/m.kuznetsova/.m2/repository/com/google/errorprone/error_prone_annotations/2.5.1/error_prone_annotations-2.5.1.jar:/Users/m.kuznetsova/.m2/repository/com/google/j2objc/j2objc-annotations/1.3/j2objc-annotations-1.3.jar:/Users/m.kuznetsova/.m2/repository/org/slf4j/slf4j-api/1.7.32/slf4j-api-1.7.32.jar:/Users/m.kuznetsova/.m2/repository/io/qameta/allure/allure-junit4/2.17.2/allure-junit4-2.17.2.jar:/Users/m.kuznetsova/.m2/repository/io/qameta/allure/allure-java-commons/2.17.2/allure-java-commons-2.17.2.jar:/Users/m.kuznetsova/.m2/repository/io/qameta/allure/allure-model/2.17.2/allure-model-2.17.2.jar:"/>
    <property name="java.vm.vendor" value="Homebrew"/>
    <property name="sun.arch.data.model" value="64"/>
    <property name="java.vendor.url" value="https://github.com/Homebrew/homebrew-core/issues"/>
    <property name="os.name" value="Mac OS X"/>
    <property name="java.vm.specification.version" value="22"/>
    <property name="sun.java.launcher" value="SUN_STANDARD"/>
    <property name="user.country" value="RU"/>
    <property name="sun.boot.library.path" value="/opt/homebrew/Cellar/openjdk/22.0.1/libexec/openjdk.jdk/Contents/Home/lib"/>
    <property name="sun.java.command" value="/Users/m.kuznetsova/Documents/GitHub/QA-java-diplom-3/target/surefire/surefirebooter4145659717881756915.jar /Users/m.kuznetsova/Documents/GitHub/QA-java-diplom-3/target/surefire 2024-08-13T21-37-41_863-jvmRun1 surefire10544122098601052040tmp surefire_017103737156931589701tmp"/>
    <property name="jdk.debug" value="release"/>
    <property name="surefire.test.class.path" value="/Users/m.kuznetsova/Documents/GitHub/QA-java-diplom-3/target/test-classes:/Users/m.kuznetsova/Documents/GitHub/QA-java-diplom-3/target/classes:/Users/m.kuznetsova/.m2/repository/io/rest-assured/rest-assured/4.4.0/rest-assured-4.4.0.jar:/Users/m.kuznetsova/.m2/repository/org/codehaus/groovy/groovy/3.0.8/groovy-3.0.8.jar:/Users/m.kuznetsova/.m2/repository/org/codehaus/groovy/groovy-xml/3.0.8/groovy-xml-3.0.8.jar:/Users/m.kuznetsova/.m2/repository/org/apache/httpcomponents/httpclient/4.5.13/httpclient-4.5.13.jar:/Users/m.kuznetsova/.m2/repository/org/apache/httpcomponents/httpcore/4.4.13/httpcore-4.4.13.jar:/Users/m.kuznetsova/.m2/repository/commons-logging/commons-logging/1.2/commons-logging-1.2.jar:/Users/m.kuznetsova/.m2/repository/commons-codec/commons-codec/1.11/commons-codec-1.11.jar:/Users/m.kuznetsova/.m2/repository/org/apache/httpcomponents/httpmime/4.5.13/httpmime-4.5.13.jar:/Users/m.kuznetsova/.m2/repository/org/hamcrest/hamcrest/2.1/hamcrest-2.1.jar:/Users/m.kuznetsova/.m2/repository/org/ccil/cowan/tagsoup/tagsoup/1.2.1/tagsoup-1.2.1.jar:/Users/m.kuznetsova/.m2/repository/io/rest-assured/json-path/4.4.0/json-path-4.4.0.jar:/Users/m.kuznetsova/.m2/repository/org/codehaus/groovy/groovy-json/3.0.8/groovy-json-3.0.8.jar:/Users/m.kuznetsova/.m2/repository/io/rest-assured/rest-assured-common/4.4.0/rest-assured-common-4.4.0.jar:/Users/m.kuznetsova/.m2/repository/io/rest-assured/xml-path/4.4.0/xml-path-4.4.0.jar:/Users/m.kuznetsova/.m2/repository/org/apache/commons/commons-lang3/3.11/commons-lang3-3.11.jar:/Users/m.kuznetsova/.m2/repository/jakarta/xml/bind/jakarta.xml.bind-api/2.3.3/jakarta.xml.bind-api-2.3.3.jar:/Users/m.kuznetsova/.m2/repository/jakarta/activation/jakarta.activation-api/1.2.2/jakarta.activation-api-1.2.2.jar:/Users/m.kuznetsova/.m2/repository/com/sun/xml/bind/jaxb-impl/2.3.3/jaxb-impl-2.3.3.jar:/Users/m.kuznetsova/.m2/repository/com/google/code/gson/gson/2.8.9/gson-2.8.9.jar:/Users/m.kuznetsova/.m2/repository/junit/junit/4.13.2/junit-4.13.2.jar:/Users/m.kuznetsova/.m2/repository/org/hamcrest/hamcrest-core/1.3/hamcrest-core-1.3.jar:/Users/m.kuznetsova/.m2/repository/com/codeborne/selenide/5.23.2/selenide-5.23.2.jar:/Users/m.kuznetsova/.m2/repository/org/seleniumhq/selenium/selenium-java/3.141.59/selenium-java-3.141.59.jar:/Users/m.kuznetsova/.m2/repository/org/seleniumhq/selenium/selenium-api/3.141.59/selenium-api-3.141.59.jar:/Users/m.kuznetsova/.m2/repository/org/seleniumhq/selenium/selenium-chrome-driver/3.141.59/selenium-chrome-driver-3.141.59.jar:/Users/m.kuznetsova/.m2/repository/org/seleniumhq/selenium/selenium-edge-driver/3.141.59/selenium-edge-driver-3.141.59.jar:/Users/m.kuznetsova/.m2/repository/org/seleniumhq/selenium/selenium-firefox-driver/3.141.59/selenium-firefox-driver-3.141.59.jar:/Users/m.kuznetsova/.m2/repository/org/seleniumhq/selenium/selenium-ie-driver/3.141.59/selenium-ie-driver-3.141.59.jar:/Users/m.kuznetsova/.m2/repository/org/seleniumhq/selenium/selenium-opera-driver/3.141.59/selenium-opera-driver-3.141.59.jar:/Users/m.kuznetsova/.m2/repository/org/seleniumhq/selenium/selenium-remote-driver/3.141.59/selenium-remote-driver-3.141.59.jar:/Users/m.kuznetsova/.m2/repository/org/seleniumhq/selenium/selenium-safari-driver/3.141.59/selenium-safari-driver-3.141.59.jar:/Users/m.kuznetsova/.m2/repository/org/seleniumhq/selenium/selenium-support/3.141.59/selenium-support-3.141.59.jar:/Users/m.kuznetsova/.m2/repository/net/bytebuddy/byte-buddy/1.8.15/byte-buddy-1.8.15.jar:/Users/m.kuznetsova/.m2/repository/org/apache/commons/commons-exec/1.3/commons-exec-1.3.jar:/Users/m.kuznetsova/.m2/repository/com/squareup/okhttp3/okhttp/3.11.0/okhttp-3.11.0.jar:/Users/m.kuznetsova/.m2/repository/com/squareup/okio/okio/1.14.0/okio-1.14.0.jar:/Users/m.kuznetsova/.m2/repository/io/github/bonigarcia/webdrivermanager/4.4.3/webdrivermanager-4.4.3.jar:/Users/m.kuznetsova/.m2/repository/commons-io/commons-io/2.8.0/commons-io-2.8.0.jar:/Users/m.kuznetsova/.m2/repository/org/jsoup/jsoup/1.13.1/jsoup-1.13.1.jar:/Users/m.kuznetsova/.m2/repository/org/rauschig/jarchivelib/1.1.0/jarchivelib-1.1.0.jar:/Users/m.kuznetsova/.m2/repository/org/apache/commons/commons-compress/1.20/commons-compress-1.20.jar:/Users/m.kuznetsova/.m2/repository/org/apache/httpcomponents/client5/httpclient5/5.1/httpclient5-5.1.jar:/Users/m.kuznetsova/.m2/repository/org/apache/httpcomponents/core5/httpcore5/5.1.1/httpcore5-5.1.1.jar:/Users/m.kuznetsova/.m2/repository/org/apache/httpcomponents/core5/httpcore5-h2/5.1.1/httpcore5-h2-5.1.1.jar:/Users/m.kuznetsova/.m2/repository/com/google/guava/guava/30.1.1-jre/guava-30.1.1-jre.jar:/Users/m.kuznetsova/.m2/repository/com/google/guava/failureaccess/1.0.1/failureaccess-1.0.1.jar:/Users/m.kuznetsova/.m2/repository/com/google/guava/listenablefuture/9999.0-empty-to-avoid-conflict-with-guava/listenablefuture-9999.0-empty-to-avoid-conflict-with-guava.jar:/Users/m.kuznetsova/.m2/repository/com/google/code/findbugs/jsr305/3.0.2/jsr305-3.0.2.jar:/Users/m.kuznetsova/.m2/repository/org/checkerframework/checker-qual/3.8.0/checker-qual-3.8.0.jar:/Users/m.kuznetsova/.m2/repository/com/google/errorprone/error_prone_annotations/2.5.1/error_prone_annotations-2.5.1.jar:/Users/m.kuznetsova/.m2/repository/com/google/j2objc/j2objc-annotations/1.3/j2objc-annotations-1.3.jar:/Users/m.kuznetsova/.m2/repository/org/slf4j/slf4j-api/1.7.32/slf4j-api-1.7.32.jar:/Users/m.kuznetsova/.m2/repository/io/qameta/allure/allure-junit4/2.17.2/allure-junit4-2.17.2.jar:/Users/m.kuznetsova/.m2/repository/io/qameta/allure/allure-java-commons/2.17.2/allure-java-commons-2.17.2.jar:/Users/m.kuznetsova/.m2/repository/io/qameta/allure/allure-model/2.17.2/allure-model-2.17.2.jar:"/>
    <property name="allure.results.directory" value="/Users/m.kuznetsova/Documents/GitHub/QA-java-diplom-3/target/allure-results"/>
    <property name="sun.cpu.endian" value="little"/>
    <property name="user.home" value="/Users/m.kuznetsova"/>
    <property name="user.language" value="ru"/>
    <property name="java.specification.vendor" value="Oracle Corporation"/>
    <property name="java.version.date" value="2024-04-16"/>
    <property name="java.home" value="/opt/homebrew/Cellar/openjdk/22.0.1/libexec/openjdk.jdk/Contents/Home"/>
    <property name="file.separator" value="/"/>
    <property name="basedir" value="/Users/m.kuznetsova/Documents/GitHub/QA-java-diplom-3"/>
    <property name="java.vm.compressedOopsMode" value="Zero based"/>
    <property name="line.separator" value="&#10;"/>
    <property name="java.vm.specification.vendor" value="Oracle Corporation"/>
    <property name="java.specification.name" value="Java Platform API Specification"/>
    <property name="apple.awt.application.name" value="ForkedBooter"/>
    <property name="surefire.real.class.path" value="/Users/m.kuznetsova/Documents/GitHub/QA-java-diplom-3/target/surefire/surefirebooter4145659717881756915.jar"/>
    <property name="sun.management.compiler" value="HotSpot 64-Bit Tiered Compilers"/>
    <property name="java.runtime.version" value="22.0.1"/>
    <property name="user.name" value="m.kuznetsova"/>
    <property name="stdout.encoding" value="UTF-8"/>
    <property name="path.separator" value=":"/>
    <property name="os.version" value="12.5.1"/>
    <property name="java.runtime.name" value="OpenJDK Runtime Environment"/>
    <property name="file.encoding" value="UTF-8"/>
    <property name="java.vm.name" value="OpenJDK 64-Bit Server VM"/>
    <property name="java.vendor.version" value="Homebrew"/>
    <property name="localRepository" value="/Users/m.kuznetsova/.m2/repository"/>
    <property name="java.vendor.url.bug" value="https://github.com/Homebrew/homebrew-core/issues"/>
    <property name="java.io.tmpdir" value="/var/folders/nd/dhdqc8kn38n42ypqscx8yhzr0000gp/T/"/>
    <property name="java.version" value="22.0.1"/>
    <property name="user.dir" value="/Users/m.kuznetsova/Documents/GitHub/QA-java-diplom-3"/>
    <property name="os.arch" value="aarch64"/>
    <property name="java.vm.specification.name" value="Java Virtual Machine Specification"/>
    <property name="native.encoding" value="UTF-8"/>
    <property name="java.library.path" value="/Users/m.kuznetsova/Library/Java/Extensions:/Library/Java/Extensions:/Network/Library/Java/Extensions:/System/Library/Java/Extensions:/usr/lib/java:."/>
    <property name="java.vm.info" value="mixed mode, sharing"/>
    <property name="stderr.encoding" value="UTF-8"/>
    <property name="java.vendor" value="Homebrew"/>
    <property name="java.vm.version" value="22.0.1"/>
    <property name="sun.io.unicode.encoding" value="UnicodeBig"/>
    <property name="java.class.version" value="66.0"/>
  </properties>
  <testcase name="checkGoToMainPageByLogoTest" classname="stellarburgers.tests.ProfileTest" time="58.508">
    <error message="session not created: This version of ChromeDriver only supports Chrome version 114&#10;Current browser version is 127.0.6533.100 with binary path /Applications/Google Chrome.app/Contents/MacOS/Google Chrome&#10;Build info: version: &apos;3.141.59&apos;, revision: &apos;e82be7d358&apos;, time: &apos;2018-11-14T08:17:03&apos;&#10;System info: host: &apos;mkuznetsova-2&apos;, ip: &apos;fe80:0:0:0:44b:5b69:d969:c0b%en0&apos;, os.name: &apos;Mac OS X&apos;, os.arch: &apos;aarch64&apos;, os.version: &apos;12.5.1&apos;, java.version: &apos;22.0.1&apos;&#10;Driver info: driver.version: SelenideDriver&#10;selenide.url: https://stellarburgers.nomoreparties.site&#10;selenide.baseUrl: http://localhost:8080&#10;remote stacktrace: 0   chromedriver                        0x0000000100d246b8 chromedriver + 4937400&#10;1   chromedriver                        0x0000000100d1bb73 chromedriver + 4901747&#10;2   chromedriver                        0x00000001008d9616 chromedriver + 435734&#10;3   chromedriver                        0x000000010090bd10 chromedriver + 642320&#10;4   chromedriver                        0x000000010090718a chromedriver + 622986&#10;5   chromedriver                        0x000000010090367c chromedriver + 607868&#10;6   chromedriver                        0x000000010094aa08 chromedriver + 899592&#10;7   chromedriver                        0x0000000100949ebf chromedriver + 896703&#10;8   chromedriver                        0x0000000100940de3 chromedriver + 859619&#10;9   chromedriver                        0x000000010090ed7f chromedriver + 654719&#10;10  chromedriver                        0x00000001009100de chromedriver + 659678&#10;11  chromedriver                        0x0000000100ce02ad chromedriver + 4657837&#10;12  chromedriver                        0x0000000100ce5130 chromedriver + 4677936&#10;13  chromedriver                        0x0000000100cebdef chromedriver + 4705775&#10;14  chromedriver                        0x0000000100ce605a chromedriver + 4681818&#10;15  chromedriver                        0x0000000100cb892c chromedriver + 4495660&#10;16  chromedriver                        0x0000000100d03838 chromedriver + 4802616&#10;17  chromedriver                        0x0000000100d039b7 chromedriver + 4802999&#10;18  chromedriver                        0x0000000100d1499f chromedriver + 4872607&#10;19  libsystem_pthread.dylib             0x00007ff8164654e1 _pthread_start + 125&#10;20  libsystem_pthread.dylib             0x00007ff816460f6b thread_start + 15&#10;" type="org.openqa.selenium.SessionNotCreatedException">org.openqa.selenium.SessionNotCreatedException: 
session not created: This version of ChromeDriver only supports Chrome version 114
Current browser version is 127.0.6533.100 with binary path /Applications/Google Chrome.app/Contents/MacOS/Google Chrome
Build info: version: '3.141.59', revision: 'e82be7d358', time: '2018-11-14T08:17:03'
System info: host: 'mkuznetsova-2', ip: 'fe80:0:0:0:44b:5b69:d969:c0b%en0', os.name: 'Mac OS X', os.arch: 'aarch64', os.version: '12.5.1', java.version: '22.0.1'
Driver info: driver.version: SelenideDriver
selenide.url: https://stellarburgers.nomoreparties.site
selenide.baseUrl: http://localhost:8080
remote stacktrace: 0   chromedriver                        0x0000000100d246b8 chromedriver + 4937400
1   chromedriver                        0x0000000100d1bb73 chromedriver + 4901747
2   chromedriver                        0x00000001008d9616 chromedriver + 435734
3   chromedriver                        0x000000010090bd10 chromedriver + 642320
4   chromedriver                        0x000000010090718a chromedriver + 622986
5   chromedriver                        0x000000010090367c chromedriver + 607868
6   chromedriver                        0x000000010094aa08 chromedriver + 899592
7   chromedriver                        0x0000000100949ebf chromedriver + 896703
8   chromedriver                        0x0000000100940de3 chromedriver + 859619
9   chromedriver                        0x000000010090ed7f chromedriver + 654719
10  chromedriver                        0x00000001009100de chromedriver + 659678
11  chromedriver                        0x0000000100ce02ad chromedriver + 4657837
12  chromedriver                        0x0000000100ce5130 chromedriver + 4677936
13  chromedriver                        0x0000000100cebdef chromedriver + 4705775
14  chromedriver                        0x0000000100ce605a chromedriver + 4681818
15  chromedriver                        0x0000000100cb892c chromedriver + 4495660
16  chromedriver                        0x0000000100d03838 chromedriver + 4802616
17  chromedriver                        0x0000000100d039b7 chromedriver + 4802999
18  chromedriver                        0x0000000100d1499f chromedriver + 4872607
19  libsystem_pthread.dylib             0x00007ff8164654e1 _pthread_start + 125
20  libsystem_pthread.dylib             0x00007ff816460f6b thread_start + 15

	at stellarburgers.tests.ProfileTest.checkGoToMainPageByLogoTest(ProfileTest.java:63)
</error>
    <system-err><![CDATA[SLF4J: Failed to load class "org.slf4j.impl.StaticLoggerBinder".
SLF4J: Defaulting to no-operation (NOP) logger implementation
SLF4J: See http://www.slf4j.org/codes.html#StaticLoggerBinder for further details.
Starting ChromeDriver 114.0.5735.90 (386bc09e8f4f2e025eddae123f36f6263096ae49-refs/branch-heads/5735@{#1052}) on port 4087
Only local connections are allowed.
Please see https://chromedriver.chromium.org/security-considerations for suggestions on keeping ChromeDriver safe.
ChromeDriver was started successfully.
]]></system-err>
  </testcase>
  <testcase name="checkLogoutUserTest" classname="stellarburgers.tests.ProfileTest" time="7.778">
    <error message="session not created: This version of ChromeDriver only supports Chrome version 114&#10;Current browser version is 127.0.6533.100 with binary path /Applications/Google Chrome.app/Contents/MacOS/Google Chrome&#10;Build info: version: &apos;3.141.59&apos;, revision: &apos;e82be7d358&apos;, time: &apos;2018-11-14T08:17:03&apos;&#10;System info: host: &apos;mkuznetsova-2&apos;, ip: &apos;fe80:0:0:0:44b:5b69:d969:c0b%en0&apos;, os.name: &apos;Mac OS X&apos;, os.arch: &apos;aarch64&apos;, os.version: &apos;12.5.1&apos;, java.version: &apos;22.0.1&apos;&#10;Driver info: driver.version: SelenideDriver&#10;selenide.url: https://stellarburgers.nomoreparties.site&#10;selenide.baseUrl: http://localhost:8080&#10;remote stacktrace: 0   chromedriver                        0x0000000100b6b6b8 chromedriver + 4937400&#10;1   chromedriver                        0x0000000100b62b73 chromedriver + 4901747&#10;2   chromedriver                        0x0000000100720616 chromedriver + 435734&#10;3   chromedriver                        0x0000000100752d10 chromedriver + 642320&#10;4   chromedriver                        0x000000010074e18a chromedriver + 622986&#10;5   chromedriver                        0x000000010074a67c chromedriver + 607868&#10;6   chromedriver                        0x0000000100791a08 chromedriver + 899592&#10;7   chromedriver                        0x0000000100790ebf chromedriver + 896703&#10;8   chromedriver                        0x0000000100787de3 chromedriver + 859619&#10;9   chromedriver                        0x0000000100755d7f chromedriver + 654719&#10;10  chromedriver                        0x00000001007570de chromedriver + 659678&#10;11  chromedriver                        0x0000000100b272ad chromedriver + 4657837&#10;12  chromedriver                        0x0000000100b2c130 chromedriver + 4677936&#10;13  chromedriver                        0x0000000100b32def chromedriver + 4705775&#10;14  chromedriver                        0x0000000100b2d05a chromedriver + 4681818&#10;15  chromedriver                        0x0000000100aff92c chromedriver + 4495660&#10;16  chromedriver                        0x0000000100b4a838 chromedriver + 4802616&#10;17  chromedriver                        0x0000000100b4a9b7 chromedriver + 4802999&#10;18  chromedriver                        0x0000000100b5b99f chromedriver + 4872607&#10;19  libsystem_pthread.dylib             0x00007ff8164654e1 _pthread_start + 125&#10;20  libsystem_pthread.dylib             0x00007ff816460f6b thread_start + 15&#10;" type="org.openqa.selenium.SessionNotCreatedException">org.openqa.selenium.SessionNotCreatedException: 
session not created: This version of ChromeDriver only supports Chrome version 114
Current browser version is 127.0.6533.100 with binary path /Applications/Google Chrome.app/Contents/MacOS/Google Chrome
Build info: version: '3.141.59', revision: 'e82be7d358', time: '2018-11-14T08:17:03'
System info: host: 'mkuznetsova-2', ip: 'fe80:0:0:0:44b:5b69:d969:c0b%en0', os.name: 'Mac OS X', os.arch: 'aarch64', os.version: '12.5.1', java.version: '22.0.1'
Driver info: driver.version: SelenideDriver
selenide.url: https://stellarburgers.nomoreparties.site
selenide.baseUrl: http://localhost:8080
remote stacktrace: 0   chromedriver                        0x0000000100b6b6b8 chromedriver + 4937400
1   chromedriver                        0x0000000100b62b73 chromedriver + 4901747
2   chromedriver                        0x0000000100720616 chromedriver + 435734
3   chromedriver                        0x0000000100752d10 chromedriver + 642320
4   chromedriver                        0x000000010074e18a chromedriver + 622986
5   chromedriver                        0x000000010074a67c chromedriver + 607868
6   chromedriver                        0x0000000100791a08 chromedriver + 899592
7   chromedriver                        0x0000000100790ebf chromedriver + 896703
8   chromedriver                        0x0000000100787de3 chromedriver + 859619
9   chromedriver                        0x0000000100755d7f chromedriver + 654719
10  chromedriver                        0x00000001007570de chromedriver + 659678
11  chromedriver                        0x0000000100b272ad chromedriver + 4657837
12  chromedriver                        0x0000000100b2c130 chromedriver + 4677936
13  chromedriver                        0x0000000100b32def chromedriver + 4705775
14  chromedriver                        0x0000000100b2d05a chromedriver + 4681818
15  chromedriver                        0x0000000100aff92c chromedriver + 4495660
16  chromedriver                        0x0000000100b4a838 chromedriver + 4802616
17  chromedriver                        0x0000000100b4a9b7 chromedriver + 4802999
18  chromedriver                        0x0000000100b5b99f chromedriver + 4872607
19  libsystem_pthread.dylib             0x00007ff8164654e1 _pthread_start + 125
20  libsystem_pthread.dylib             0x00007ff816460f6b thread_start + 15

	at stellarburgers.tests.ProfileTest.checkLogoutUserTest(ProfileTest.java:39)
</error>
    <system-err><![CDATA[Starting ChromeDriver 114.0.5735.90 (386bc09e8f4f2e025eddae123f36f6263096ae49-refs/branch-heads/5735@{#1052}) on port 18422
Only local connections are allowed.
Please see https://chromedriver.chromium.org/security-considerations for suggestions on keeping ChromeDriver safe.
ChromeDriver was started successfully.
]]></system-err>
  </testcase>
  <testcase name="checkGoToMainPageByConstructorButtonTest" classname="stellarburgers.tests.ProfileTest" time="7.163">
    <error message="session not created: This version of ChromeDriver only supports Chrome version 114&#10;Current browser version is 127.0.6533.100 with binary path /Applications/Google Chrome.app/Contents/MacOS/Google Chrome&#10;Build info: version: &apos;3.141.59&apos;, revision: &apos;e82be7d358&apos;, time: &apos;2018-11-14T08:17:03&apos;&#10;System info: host: &apos;mkuznetsova-2&apos;, ip: &apos;fe80:0:0:0:44b:5b69:d969:c0b%en0&apos;, os.name: &apos;Mac OS X&apos;, os.arch: &apos;aarch64&apos;, os.version: &apos;12.5.1&apos;, java.version: &apos;22.0.1&apos;&#10;Driver info: driver.version: SelenideDriver&#10;selenide.url: https://stellarburgers.nomoreparties.site&#10;selenide.baseUrl: http://localhost:8080&#10;remote stacktrace: 0   chromedriver                        0x00000001051236b8 chromedriver + 4937400&#10;1   chromedriver                        0x000000010511ab73 chromedriver + 4901747&#10;2   chromedriver                        0x0000000104cd8616 chromedriver + 435734&#10;3   chromedriver                        0x0000000104d0ad10 chromedriver + 642320&#10;4   chromedriver                        0x0000000104d0618a chromedriver + 622986&#10;5   chromedriver                        0x0000000104d0267c chromedriver + 607868&#10;6   chromedriver                        0x0000000104d49a08 chromedriver + 899592&#10;7   chromedriver                        0x0000000104d48ebf chromedriver + 896703&#10;8   chromedriver                        0x0000000104d3fde3 chromedriver + 859619&#10;9   chromedriver                        0x0000000104d0dd7f chromedriver + 654719&#10;10  chromedriver                        0x0000000104d0f0de chromedriver + 659678&#10;11  chromedriver                        0x00000001050df2ad chromedriver + 4657837&#10;12  chromedriver                        0x00000001050e4130 chromedriver + 4677936&#10;13  chromedriver                        0x00000001050eadef chromedriver + 4705775&#10;14  chromedriver                        0x00000001050e505a chromedriver + 4681818&#10;15  chromedriver                        0x00000001050b792c chromedriver + 4495660&#10;16  chromedriver                        0x0000000105102838 chromedriver + 4802616&#10;17  chromedriver                        0x00000001051029b7 chromedriver + 4802999&#10;18  chromedriver                        0x000000010511399f chromedriver + 4872607&#10;19  libsystem_pthread.dylib             0x00007ff8164654e1 _pthread_start + 125&#10;20  libsystem_pthread.dylib             0x00007ff816460f6b thread_start + 15&#10;" type="org.openqa.selenium.SessionNotCreatedException">org.openqa.selenium.SessionNotCreatedException: 
session not created: This version of ChromeDriver only supports Chrome version 114
Current browser version is 127.0.6533.100 with binary path /Applications/Google Chrome.app/Contents/MacOS/Google Chrome
Build info: version: '3.141.59', revision: 'e82be7d358', time: '2018-11-14T08:17:03'
System info: host: 'mkuznetsova-2', ip: 'fe80:0:0:0:44b:5b69:d969:c0b%en0', os.name: 'Mac OS X', os.arch: 'aarch64', os.version: '12.5.1', java.version: '22.0.1'
Driver info: driver.version: SelenideDriver
selenide.url: https://stellarburgers.nomoreparties.site
selenide.baseUrl: http://localhost:8080
remote stacktrace: 0   chromedriver                        0x00000001051236b8 chromedriver + 4937400
1   chromedriver                        0x000000010511ab73 chromedriver + 4901747
2   chromedriver                        0x0000000104cd8616 chromedriver + 435734
3   chromedriver                        0x0000000104d0ad10 chromedriver + 642320
4   chromedriver                        0x0000000104d0618a chromedriver + 622986
5   chromedriver                        0x0000000104d0267c chromedriver + 607868
6   chromedriver                        0x0000000104d49a08 chromedriver + 899592
7   chromedriver                        0x0000000104d48ebf chromedriver + 896703
8   chromedriver                        0x0000000104d3fde3 chromedriver + 859619
9   chromedriver                        0x0000000104d0dd7f chromedriver + 654719
10  chromedriver                        0x0000000104d0f0de chromedriver + 659678
11  chromedriver                        0x00000001050df2ad chromedriver + 4657837
12  chromedriver                        0x00000001050e4130 chromedriver + 4677936
13  chromedriver                        0x00000001050eadef chromedriver + 4705775
14  chromedriver                        0x00000001050e505a chromedriver + 4681818
15  chromedriver                        0x00000001050b792c chromedriver + 4495660
16  chromedriver                        0x0000000105102838 chromedriver + 4802616
17  chromedriver                        0x00000001051029b7 chromedriver + 4802999
18  chromedriver                        0x000000010511399f chromedriver + 4872607
19  libsystem_pthread.dylib             0x00007ff8164654e1 _pthread_start + 125
20  libsystem_pthread.dylib             0x00007ff816460f6b thread_start + 15

	at stellarburgers.tests.ProfileTest.checkGoToMainPageByConstructorButtonTest(ProfileTest.java:51)
</error>
    <system-err><![CDATA[Starting ChromeDriver 114.0.5735.90 (386bc09e8f4f2e025eddae123f36f6263096ae49-refs/branch-heads/5735@{#1052}) on port 48962
Only local connections are allowed.
Please see https://chromedriver.chromium.org/security-considerations for suggestions on keeping ChromeDriver safe.
ChromeDriver was started successfully.
]]></system-err>
  </testcase>
</testsuite>